  PiRadioApp.cpp
  Please define _WIN32_WINNT or _WIN32_WINDOWS appropriately. For example:
  - add -D_WIN32_WINNT=0x0601 to the compiler command line; or
  - add _WIN32_WINNT=0x0601 to your project's Preprocessor Definitions.
  Assuming _WIN32_WINNT=0x0601 (i.e. Windows 7 target).
D:\DevProjects\PiRadioApp-vs\PiRadioApp\dependencies\webtoolkit\include\Wt\Core\observable.hpp(135,53): warning C4251: 'Wt::Core::observable::observerInfo_': class 'std::unique_ptr<Wt::Core::Impl::observer_info,std::default_delete<Wt::Core::Impl::observer_info>>' needs to have dll-interface to be used by clients of class 'Wt::Core::observable'
D:\DevProjects\PiRadioApp-vs\PiRadioApp\dependencies\webtoolkit\include\Wt\Core\observable.hpp(135): message : see declaration of 'std::unique_ptr<Wt::Core::Impl::observer_info,std::default_delete<Wt::Core::Impl::observer_info>>'
D:\DevProjects\PiRadioApp-vs\PiRadioApp\dependencies\webtoolkit\include\Wt\WStringStream.h(222,45): warning C4251: 'Wt::WStringStream::bufs_': class 'std::vector<std::pair<char *,int>,std::allocator<std::pair<char *,int>>>' needs to have dll-interface to be used by clients of class 'Wt::WStringStream'
D:\DevProjects\PiRadioApp-vs\PiRadioApp\dependencies\webtoolkit\include\Wt\WStringStream.h(222): message : see declaration of 'std::vector<std::pair<char *,int>,std::allocator<std::pair<char *,int>>>'
D:\DevProjects\PiRadioApp-vs\PiRadioApp\dependencies\webtoolkit\include\Wt\WStringStream.h(120,1): warning C4267: 'argument': conversion from 'size_t' to 'int', possible loss of data
D:\DevProjects\PiRadioApp-vs\PiRadioApp\dependencies\webtoolkit\include\Wt\Http\Message.h(70,22): warning C4251: 'Wt::Http::Message::Header::name_': class 'std::basic_string<char,std::char_traits<char>,std::allocator<char>>' needs to have dll-interface to be used by clients of class 'Wt::Http::Message::Header'
D:\Microsoft\VisualStudioCommunity\VC\Tools\MSVC\14.26.28801\include\xstring(4575): message : see declaration of 'std::basic_string<char,std::char_traits<char>,std::allocator<char>>'
D:\DevProjects\PiRadioApp-vs\PiRadioApp\dependencies\webtoolkit\include\Wt\Http\Message.h(70,30): warning C4251: 'Wt::Http::Message::Header::value_': class 'std::basic_string<char,std::char_traits<char>,std::allocator<char>>' needs to have dll-interface to be used by clients of class 'Wt::Http::Message::Header'
D:\Microsoft\VisualStudioCommunity\VC\Tools\MSVC\14.26.28801\include\xstring(4575): message : see declaration of 'std::basic_string<char,std::char_traits<char>,std::allocator<char>>'
D:\DevProjects\PiRadioApp-vs\PiRadioApp\dependencies\webtoolkit\include\Wt\Http\Message.h(148,31): warning C4251: 'Wt::Http::Message::headers_': class 'std::vector<Wt::Http::Message::Header,std::allocator<Wt::Http::Message::Header>>' needs to have dll-interface to be used by clients of class 'Wt::Http::Message'
D:\DevProjects\PiRadioApp-vs\PiRadioApp\dependencies\webtoolkit\include\Wt\Http\Message.h(85): message : see declaration of 'std::vector<Wt::Http::Message::Header,std::allocator<Wt::Http::Message::Header>>'
D:\DevProjects\PiRadioApp-vs\PiRadioApp\dependencies\webtoolkit\include\Wt\Http\Request.h(89,34): warning C4251: 'Wt::Http::UploadedFile::fileInfo_': class 'std::shared_ptr<Wt::Http::UploadedFile::Impl>' needs to have dll-interface to be used by clients of class 'Wt::Http::UploadedFile'
D:\DevProjects\PiRadioApp-vs\PiRadioApp\dependencies\webtoolkit\include\Wt\Http\Request.h(89): message : see declaration of 'std::shared_ptr<Wt::Http::UploadedFile::Impl>'
D:\DevProjects\PiRadioApp-vs\PiRadioApp\dependencies\webtoolkit\include\Wt\Http\Request.h(162,3): warning C4251: 'std::vector<Wt::Http::Request::ByteRange,std::allocator<Wt::Http::Request::ByteRange>>::_Mypair': class 'std::_Compressed_pair<std::allocator<Wt::Http::Request::ByteRange>,std::_Vector_val<std::_Simple_types<_Ty>>,true>' needs to have dll-interface to be used by clients of class 'std::vector<Wt::Http::Request::ByteRange,std::allocator<Wt::Http::Request::ByteRange>>'
          with
          [
              _Ty=Wt::Http::Request::ByteRange
          ]
D:\Microsoft\VisualStudioCommunity\VC\Tools\MSVC\14.26.28801\include\vector(1749): message : see declaration of 'std::_Compressed_pair<std::allocator<Wt::Http::Request::ByteRange>,std::_Vector_val<std::_Simple_types<_Ty>>,true>'
          with
          [
              _Ty=Wt::Http::Request::ByteRange
          ]
D:\DevProjects\PiRadioApp-vs\PiRadioApp\dependencies\webtoolkit\include\Wt\Http\Request.h(455,46): warning C4251: 'Wt::Http::Request::cookies_': class 'std::map<std::string,std::string,std::less<std::string>,std::allocator<std::pair<const std::string,std::string>>>' needs to have dll-interface to be used by clients of class 'Wt::Http::Request'
D:\DevProjects\PiRadioApp-vs\PiRadioApp\dependencies\webtoolkit\include\Wt\Http\Request.h(195): message : see declaration of 'std::map<std::string,std::string,std::less<std::string>,std::allocator<std::pair<const std::string,std::string>>>'
D:\DevProjects\PiRadioApp-vs\PiRadioApp\dependencies\webtoolkit\include\Wt\Http\Request.h(456,45): warning C4251: 'Wt::Http::Request::sslInfo_': class 'std::unique_ptr<Wt::WSslInfo,std::default_delete<Wt::WSslInfo>>' needs to have dll-interface to be used by clients of class 'Wt::Http::Request'
D:\DevProjects\PiRadioApp-vs\PiRadioApp\dependencies\webtoolkit\include\Wt\Http\Request.h(456): message : see declaration of 'std::unique_ptr<Wt::WSslInfo,std::default_delete<Wt::WSslInfo>>'
D:\DevProjects\PiRadioApp-vs\PiRadioApp\dependencies\webtoolkit\include\Wt\WObject.h(333,64): warning C4251: 'Wt::WObject::statelessSlots_': class 'std::vector<std::unique_ptr<Wt::WStatelessSlot,std::default_delete<Wt::WStatelessSlot>>,std::allocator<std::unique_ptr<Wt::WStatelessSlot,std::default_delete<Wt::WStatelessSlot>>>>' needs to have dll-interface to be used by clients of class 'Wt::WObject'
D:\DevProjects\PiRadioApp-vs\PiRadioApp\dependencies\webtoolkit\include\Wt\WObject.h(333): message : see declaration of 'std::vector<std::unique_ptr<Wt::WStatelessSlot,std::default_delete<Wt::WStatelessSlot>>,std::allocator<std::unique_ptr<Wt::WStatelessSlot,std::default_delete<Wt::WStatelessSlot>>>>'
D:\DevProjects\PiRadioApp-vs\PiRadioApp\dependencies\webtoolkit\include\Wt\WObject.h(334,51): warning C4251: 'Wt::WObject::children_': class 'std::vector<std::unique_ptr<Wt::WObject,std::default_delete<Wt::WObject>>,std::allocator<std::unique_ptr<Wt::WObject,std::default_delete<Wt::WObject>>>>' needs to have dll-interface to be used by clients of class 'Wt::WObject'
D:\DevProjects\PiRadioApp-vs\PiRadioApp\dependencies\webtoolkit\include\Wt\WObject.h(334): message : see declaration of 'std::vector<std::unique_ptr<Wt::WObject,std::default_delete<Wt::WObject>>,std::allocator<std::unique_ptr<Wt::WObject,std::default_delete<Wt::WObject>>>>'
D:\DevProjects\PiRadioApp-vs\PiRadioApp\dependencies\webtoolkit\include\Wt\WObject.h(337,20): warning C4251: 'Wt::WObject::name_': class 'std::basic_string<char,std::char_traits<char>,std::allocator<char>>' needs to have dll-interface to be used by clients of class 'Wt::WObject'
D:\Microsoft\VisualStudioCommunity\VC\Tools\MSVC\14.26.28801\include\xstring(4575): message : see declaration of 'std::basic_string<char,std::char_traits<char>,std::allocator<char>>'
D:\DevProjects\PiRadioApp-vs\PiRadioApp\dependencies\webtoolkit\include\Wt\WString.h(743,20): warning C4251: 'Wt::WString::utf8_': class 'std::basic_string<char,std::char_traits<char>,std::allocator<char>>' needs to have dll-interface to be used by clients of class 'Wt::WString'
D:\Microsoft\VisualStudioCommunity\VC\Tools\MSVC\14.26.28801\include\xstring(4575): message : see declaration of 'std::basic_string<char,std::char_traits<char>,std::allocator<char>>'
D:\DevProjects\PiRadioApp-vs\PiRadioApp\dependencies\webtoolkit\include\Wt\WString.h(757,43): warning C4251: 'Wt::WString::stArguments_': class 'std::vector<Wt::WString,std::allocator<Wt::WString>>' needs to have dll-interface to be used by clients of class 'Wt::WString'
D:\DevProjects\PiRadioApp-vs\PiRadioApp\dependencies\webtoolkit\include\Wt\WString.h(703): message : see declaration of 'std::vector<Wt::WString,std::allocator<Wt::WString>>'
D:\DevProjects\PiRadioApp-vs\PiRadioApp\dependencies\webtoolkit\include\Wt\WAnimation.h(179,35): warning C4251: 'Wt::WAnimation::effects_': class 'Wt::WFlags<Wt::AnimationEffect>' needs to have dll-interface to be used by clients of class 'Wt::WAnimation'
D:\DevProjects\PiRadioApp-vs\PiRadioApp\dependencies\webtoolkit\include\Wt\WAnimation.h(80): message : see declaration of 'Wt::WFlags<Wt::AnimationEffect>'
D:\DevProjects\PiRadioApp-vs\PiRadioApp\dependencies\webtoolkit\include\Wt\Signals\signals.hpp(47,59): warning C4251: 'Wt::Signals::Impl::SignalLinkBase::obj_': class 'Wt::Core::observing_ptr<const Wt::Core::observable>' needs to have dll-interface to be used by clients of class 'Wt::Signals::Impl::SignalLinkBase'
D:\DevProjects\PiRadioApp-vs\PiRadioApp\dependencies\webtoolkit\include\Wt\Signals\signals.hpp(47): message : see declaration of 'Wt::Core::observing_ptr<const Wt::Core::observable>'
D:\DevProjects\PiRadioApp-vs\PiRadioApp\dependencies\webtoolkit\include\Wt\WSignal.h(494,48): warning C4251: 'Wt::EventSignalBase::connections_': class 'std::vector<Wt::EventSignalBase::StatelessConnection,std::allocator<Wt::EventSignalBase::StatelessConnection>>' needs to have dll-interface to be used by clients of class 'Wt::EventSignalBase'
D:\DevProjects\PiRadioApp-vs\PiRadioApp\dependencies\webtoolkit\include\Wt\WSignal.h(494): message : see declaration of 'std::vector<Wt::EventSignalBase::StatelessConnection,std::allocator<Wt::EventSignalBase::StatelessConnection>>'
D:\DevProjects\PiRadioApp-vs\PiRadioApp\dependencies\webtoolkit\include\Wt\WSignal.h(495,24): warning C4251: 'Wt::EventSignalBase::flags_': class 'std::bitset<7>' needs to have dll-interface to be used by clients of class 'Wt::EventSignalBase'
D:\DevProjects\PiRadioApp-vs\PiRadioApp\dependencies\webtoolkit\include\Wt\WSignal.h(495): message : see declaration of 'std::bitset<7>'
D:\DevProjects\PiRadioApp-vs\PiRadioApp\dependencies\webtoolkit\include\Wt\WSignal.h(502,27): warning C4251: 'Wt::EventSignalBase::dummy_': struct 'Wt::Signals::Signal<>' needs to have dll-interface to be used by clients of class 'Wt::EventSignalBase'
D:\DevProjects\PiRadioApp-vs\PiRadioApp\dependencies\webtoolkit\include\Wt\WSignal.h(502): message : see declaration of 'Wt::Signals::Signal<>'
D:\DevProjects\PiRadioApp-vs\PiRadioApp\dependencies\webtoolkit\include\Wt\WEvent.h(93,37): warning C4251: 'Wt::JavaScriptEvent::modifiers': class 'Wt::WFlags<Wt::KeyboardModifier>' needs to have dll-interface to be used by clients of class 'Wt::JavaScriptEvent'
D:\DevProjects\PiRadioApp-vs\PiRadioApp\dependencies\webtoolkit\include\Wt\WGlobal.h(794): message : see declaration of 'Wt::WFlags<Wt::KeyboardModifier>'
D:\DevProjects\PiRadioApp-vs\PiRadioApp\dependencies\webtoolkit\include\Wt\WEvent.h(96,29): warning C4251: 'Wt::JavaScriptEvent::touches': class 'std::vector<Wt::Touch,std::allocator<Wt::Touch>>' needs to have dll-interface to be used by clients of class 'Wt::JavaScriptEvent'
D:\DevProjects\PiRadioApp-vs\PiRadioApp\dependencies\webtoolkit\include\Wt\WEvent.h(96): message : see declaration of 'std::vector<Wt::Touch,std::allocator<Wt::Touch>>'
D:\DevProjects\PiRadioApp-vs\PiRadioApp\dependencies\webtoolkit\include\Wt\WEvent.h(96,44): warning C4251: 'Wt::JavaScriptEvent::targetTouches': class 'std::vector<Wt::Touch,std::allocator<Wt::Touch>>' needs to have dll-interface to be used by clients of class 'Wt::JavaScriptEvent'
D:\DevProjects\PiRadioApp-vs\PiRadioApp\dependencies\webtoolkit\include\Wt\WEvent.h(96): message : see declaration of 'std::vector<Wt::Touch,std::allocator<Wt::Touch>>'
D:\DevProjects\PiRadioApp-vs\PiRadioApp\dependencies\webtoolkit\include\Wt\WEvent.h(96,60): warning C4251: 'Wt::JavaScriptEvent::changedTouches': class 'std::vector<Wt::Touch,std::allocator<Wt::Touch>>' needs to have dll-interface to be used by clients of class 'Wt::JavaScriptEvent'
D:\DevProjects\PiRadioApp-vs\PiRadioApp\dependencies\webtoolkit\include\Wt\WEvent.h(96): message : see declaration of 'std::vector<Wt::Touch,std::allocator<Wt::Touch>>'
D:\DevProjects\PiRadioApp-vs\PiRadioApp\dependencies\webtoolkit\include\Wt\WEvent.h(105,19): warning C4251: 'Wt::JavaScriptEvent::type': class 'std::basic_string<char,std::char_traits<char>,std::allocator<char>>' needs to have dll-interface to be used by clients of class 'Wt::JavaScriptEvent'
D:\Microsoft\VisualStudioCommunity\VC\Tools\MSVC\14.26.28801\include\xstring(4575): message : see declaration of 'std::basic_string<char,std::char_traits<char>,std::allocator<char>>'
D:\DevProjects\PiRadioApp-vs\PiRadioApp\dependencies\webtoolkit\include\Wt\WEvent.h(108,18): warning C4251: 'Wt::JavaScriptEvent::tid': class 'std::basic_string<char,std::char_traits<char>,std::allocator<char>>' needs to have dll-interface to be used by clients of class 'Wt::JavaScriptEvent'
D:\Microsoft\VisualStudioCommunity\VC\Tools\MSVC\14.26.28801\include\xstring(4575): message : see declaration of 'std::basic_string<char,std::char_traits<char>,std::allocator<char>>'
D:\DevProjects\PiRadioApp-vs\PiRadioApp\dependencies\webtoolkit\include\Wt\WEvent.h(110,23): warning C4251: 'Wt::JavaScriptEvent::response': class 'std::basic_string<char,std::char_traits<char>,std::allocator<char>>' needs to have dll-interface to be used by clients of class 'Wt::JavaScriptEvent'
D:\Microsoft\VisualStudioCommunity\VC\Tools\MSVC\14.26.28801\include\xstring(4575): message : see declaration of 'std::basic_string<char,std::char_traits<char>,std::allocator<char>>'
D:\DevProjects\PiRadioApp-vs\PiRadioApp\dependencies\webtoolkit\include\Wt\WEvent.h(112,41): warning C4251: 'Wt::JavaScriptEvent::userEventArgs': class 'std::vector<std::string,std::allocator<std::string>>' needs to have dll-interface to be used by clients of class 'Wt::JavaScriptEvent'
D:\DevProjects\PiRadioApp-vs\PiRadioApp\dependencies\webtoolkit\include\Wt\Http\Request.h(98): message : see declaration of 'std::vector<std::string,std::allocator<std::string>>'
D:\DevProjects\PiRadioApp-vs\PiRadioApp\dependencies\webtoolkit\include\Wt\WEvent.h(410,36): warning C4251: 'Wt::WDropEvent::dropMimeType_': class 'std::basic_string<char,std::char_traits<char>,std::allocator<char>>' needs to have dll-interface to be used by clients of class 'Wt::WDropEvent'
D:\Microsoft\VisualStudioCommunity\VC\Tools\MSVC\14.26.28801\include\xstring(4575): message : see declaration of 'std::basic_string<char,std::char_traits<char>,std::allocator<char>>'
D:\DevProjects\PiRadioApp-vs\PiRadioApp\dependencies\webtoolkit\include\Wt\WEvent.h(411,49): warning C4251: 'Wt::WDropEvent::mouseEvent_': class 'std::unique_ptr<const Wt::WMouseEvent,std::default_delete<const Wt::WMouseEvent>>' needs to have dll-interface to be used by clients of class 'Wt::WDropEvent'
D:\DevProjects\PiRadioApp-vs\PiRadioApp\dependencies\webtoolkit\include\Wt\WEvent.h(411): message : see declaration of 'std::unique_ptr<const Wt::WMouseEvent,std::default_delete<const Wt::WMouseEvent>>'
D:\DevProjects\PiRadioApp-vs\PiRadioApp\dependencies\webtoolkit\include\Wt\WEvent.h(412,49): warning C4251: 'Wt::WDropEvent::touchEvent_': class 'std::unique_ptr<const Wt::WTouchEvent,std::default_delete<const Wt::WTouchEvent>>' needs to have dll-interface to be used by clients of class 'Wt::WDropEvent'
D:\DevProjects\PiRadioApp-vs\PiRadioApp\dependencies\webtoolkit\include\Wt\WEvent.h(412): message : see declaration of 'std::unique_ptr<const Wt::WTouchEvent,std::default_delete<const Wt::WTouchEvent>>'
D:\DevProjects\PiRadioApp-vs\PiRadioApp\dependencies\webtoolkit\include\Wt\WException.h(21,1): warning C4275: non dll-interface class 'std::exception' used as base for dll-interface class 'Wt::WException'
D:\Microsoft\VisualStudioCommunity\VC\Tools\MSVC\14.26.28801\include\vcruntime_exception.h(48): message : see declaration of 'std::exception'
D:\DevProjects\PiRadioApp-vs\PiRadioApp\dependencies\webtoolkit\include\Wt\WException.h(20): message : see declaration of 'Wt::WException'
D:\DevProjects\PiRadioApp-vs\PiRadioApp\dependencies\webtoolkit\include\Wt\WException.h(44,20): warning C4251: 'Wt::WException::what_': class 'std::basic_string<char,std::char_traits<char>,std::allocator<char>>' needs to have dll-interface to be used by clients of class 'Wt::WException'
D:\Microsoft\VisualStudioCommunity\VC\Tools\MSVC\14.26.28801\include\xstring(4575): message : see declaration of 'std::basic_string<char,std::char_traits<char>,std::allocator<char>>'
D:\DevProjects\PiRadioApp-vs\PiRadioApp\dependencies\webtoolkit\include\Wt\WLogger.h(263,29): warning C4251: 'Wt::WLogger::fields_': class 'std::vector<Wt::WLogger::Field,std::allocator<Wt::WLogger::Field>>' needs to have dll-interface to be used by clients of class 'Wt::WLogger'
D:\DevProjects\PiRadioApp-vs\PiRadioApp\dependencies\webtoolkit\include\Wt\WLogger.h(218): message : see declaration of 'std::vector<Wt::WLogger::Field,std::allocator<Wt::WLogger::Field>>'
D:\DevProjects\PiRadioApp-vs\PiRadioApp\dependencies\webtoolkit\include\Wt\WLogger.h(271,27): warning C4251: 'Wt::WLogger::rules_': class 'std::vector<Wt::WLogger::Rule,std::allocator<Wt::WLogger::Rule>>' needs to have dll-interface to be used by clients of class 'Wt::WLogger'
D:\DevProjects\PiRadioApp-vs\PiRadioApp\dependencies\webtoolkit\include\Wt\WLogger.h(271): message : see declaration of 'std::vector<Wt::WLogger::Rule,std::allocator<Wt::WLogger::Rule>>'
D:\DevProjects\PiRadioApp-vs\PiRadioApp\dependencies\webtoolkit\include\Wt\WLogger.h(395,38): warning C4251: 'Wt::WLogEntry::impl_': class 'std::unique_ptr<Wt::WLogEntry::Impl,std::default_delete<Wt::WLogEntry::Impl>>' needs to have dll-interface to be used by clients of class 'Wt::WLogEntry'
D:\DevProjects\PiRadioApp-vs\PiRadioApp\dependencies\webtoolkit\include\Wt\WLogger.h(395): message : see declaration of 'std::unique_ptr<Wt::WLogEntry::Impl,std::default_delete<Wt::WLogEntry::Impl>>'
D:\DevProjects\PiRadioApp-vs\PiRadioApp\dependencies\webtoolkit\include\Wt\WWidget.h(1359,24): warning C4251: 'Wt::WWidget::flags_': class 'std::bitset<7>' needs to have dll-interface to be used by clients of class 'Wt::WWidget'
D:\DevProjects\PiRadioApp-vs\PiRadioApp\dependencies\webtoolkit\include\Wt\WSignal.h(495): message : see declaration of 'std::bitset<7>'
D:\DevProjects\PiRadioApp-vs\PiRadioApp\dependencies\webtoolkit\include\Wt\WWidget.h(1361,32): warning C4251: 'Wt::WWidget::eventSignals_': class 'std::list<Wt::EventSignalBase *,std::allocator<Wt::EventSignalBase *>>' needs to have dll-interface to be used by clients of class 'Wt::WWidget'
D:\DevProjects\PiRadioApp-vs\PiRadioApp\dependencies\webtoolkit\include\Wt\WWidget.h(1325): message : see declaration of 'std::list<Wt::EventSignalBase *,std::allocator<Wt::EventSignalBase *>>'
D:\DevProjects\PiRadioApp-vs\PiRadioApp\dependencies\webtoolkit\include\Wt\WWidget.h(1362,42): warning C4251: 'Wt::WWidget::jsignals_': class 'std::vector<Wt::EventSignalBase *,std::allocator<Wt::EventSignalBase *>>' needs to have dll-interface to be used by clients of class 'Wt::WWidget'
D:\DevProjects\PiRadioApp-vs\PiRadioApp\dependencies\webtoolkit\include\Wt\WWidget.h(1362): message : see declaration of 'std::vector<Wt::EventSignalBase *,std::allocator<Wt::EventSignalBase *>>'
D:\DevProjects\PiRadioApp-vs\PiRadioApp\dependencies\webtoolkit\include\Wt\WWebWidget.h(408,30): warning C4251: 'Wt::WWebWidget::elementTagName_': class 'std::basic_string<char,std::char_traits<char>,std::allocator<char>>' needs to have dll-interface to be used by clients of class 'Wt::WWebWidget'
D:\Microsoft\VisualStudioCommunity\VC\Tools\MSVC\14.26.28801\include\xstring(4575): message : see declaration of 'std::basic_string<char,std::char_traits<char>,std::allocator<char>>'
D:\DevProjects\PiRadioApp-vs\PiRadioApp\dependencies\webtoolkit\include\Wt\WWebWidget.h(411,46): warning C4251: 'Wt::WWebWidget::AllChangeFlags': class 'std::bitset<38>' needs to have dll-interface to be used by clients of class 'Wt::WWebWidget'
D:\DevProjects\PiRadioApp-vs\PiRadioApp\dependencies\webtoolkit\include\Wt\WWebWidget.h(411): message : see declaration of 'std::bitset<38>'
D:\DevProjects\PiRadioApp-vs\PiRadioApp\dependencies\webtoolkit\include\Wt\WWebWidget.h(419,25): warning C4251: 'Wt::WWebWidget::flags_': class 'std::bitset<38>' needs to have dll-interface to be used by clients of class 'Wt::WWebWidget'
D:\DevProjects\PiRadioApp-vs\PiRadioApp\dependencies\webtoolkit\include\Wt\WWebWidget.h(411): message : see declaration of 'std::bitset<38>'
D:\DevProjects\PiRadioApp-vs\PiRadioApp\dependencies\webtoolkit\include\Wt\WWebWidget.h(420,34): warning C4251: 'Wt::WWebWidget::width_': class 'std::unique_ptr<Wt::WLength,std::default_delete<Wt::WLength>>' needs to have dll-interface to be used by clients of class 'Wt::WWebWidget'
D:\DevProjects\PiRadioApp-vs\PiRadioApp\dependencies\webtoolkit\include\Wt\WWebWidget.h(420): message : see declaration of 'std::unique_ptr<Wt::WLength,std::default_delete<Wt::WLength>>'
D:\DevProjects\PiRadioApp-vs\PiRadioApp\dependencies\webtoolkit\include\Wt\WWebWidget.h(421,35): warning C4251: 'Wt::WWebWidget::height_': class 'std::unique_ptr<Wt::WLength,std::default_delete<Wt::WLength>>' needs to have dll-interface to be used by clients of class 'Wt::WWebWidget'
D:\DevProjects\PiRadioApp-vs\PiRadioApp\dependencies\webtoolkit\include\Wt\WWebWidget.h(420): message : see declaration of 'std::unique_ptr<Wt::WLength,std::default_delete<Wt::WLength>>'
D:\DevProjects\PiRadioApp-vs\PiRadioApp\dependencies\webtoolkit\include\Wt\WWebWidget.h(428,35): warning C4251: 'Wt::WWebWidget::id_': class 'std::unique_ptr<std::string,std::default_delete<std::string>>' needs to have dll-interface to be used by clients of class 'Wt::WWebWidget'
D:\DevProjects\PiRadioApp-vs\PiRadioApp\dependencies\webtoolkit\include\Wt\WWebWidget.h(428): message : see declaration of 'std::unique_ptr<std::string,std::default_delete<std::string>>'
D:\DevProjects\PiRadioApp-vs\PiRadioApp\dependencies\webtoolkit\include\Wt\WWebWidget.h(446,48): warning C4251: 'Wt::WWebWidget::transientImpl_': class 'std::unique_ptr<Wt::WWebWidget::TransientImpl,std::default_delete<Wt::WWebWidget::TransientImpl>>' needs to have dll-interface to be used by clients of class 'Wt::WWebWidget'
D:\DevProjects\PiRadioApp-vs\PiRadioApp\dependencies\webtoolkit\include\Wt\WWebWidget.h(446): message : see declaration of 'std::unique_ptr<Wt::WWebWidget::TransientImpl,std::default_delete<Wt::WWebWidget::TransientImpl>>'
D:\DevProjects\PiRadioApp-vs\PiRadioApp\dependencies\webtoolkit\include\Wt\WWebWidget.h(462,42): warning C4251: 'Wt::WWebWidget::layoutImpl_': class 'std::unique_ptr<Wt::WWebWidget::LayoutImpl,std::default_delete<Wt::WWebWidget::LayoutImpl>>' needs to have dll-interface to be used by clients of class 'Wt::WWebWidget'
D:\DevProjects\PiRadioApp-vs\PiRadioApp\dependencies\webtoolkit\include\Wt\WWebWidget.h(462): message : see declaration of 'std::unique_ptr<Wt::WWebWidget::LayoutImpl,std::default_delete<Wt::WWebWidget::LayoutImpl>>'
D:\DevProjects\PiRadioApp-vs\PiRadioApp\dependencies\webtoolkit\include\Wt\WWebWidget.h(475,46): warning C4251: 'Wt::WWebWidget::lookImpl_': class 'std::unique_ptr<Wt::WWebWidget::LookImpl,std::default_delete<Wt::WWebWidget::LookImpl>>' needs to have dll-interface to be used by clients of class 'Wt::WWebWidget'
D:\DevProjects\PiRadioApp-vs\PiRadioApp\dependencies\webtoolkit\include\Wt\WWebWidget.h(475): message : see declaration of 'std::unique_ptr<Wt::WWebWidget::LookImpl,std::default_delete<Wt::WWebWidget::LookImpl>>'
D:\DevProjects\PiRadioApp-vs\PiRadioApp\dependencies\webtoolkit\include\Wt\WWebWidget.h(527,40): warning C4251: 'Wt::WWebWidget::otherImpl_': class 'std::unique_ptr<Wt::WWebWidget::OtherImpl,std::default_delete<Wt::WWebWidget::OtherImpl>>' needs to have dll-interface to be used by clients of class 'Wt::WWebWidget'
D:\DevProjects\PiRadioApp-vs\PiRadioApp\dependencies\webtoolkit\include\Wt\WWebWidget.h(527): message : see declaration of 'std::unique_ptr<Wt::WWebWidget::OtherImpl,std::default_delete<Wt::WWebWidget::OtherImpl>>'
D:\DevProjects\PiRadioApp-vs\PiRadioApp\dependencies\webtoolkit\include\Wt\WLink.h(174,27): warning C4251: 'Wt::WLink::stringValue_': class 'std::basic_string<char,std::char_traits<char>,std::allocator<char>>' needs to have dll-interface to be used by clients of class 'Wt::WLink'
D:\Microsoft\VisualStudioCommunity\VC\Tools\MSVC\14.26.28801\include\xstring(4575): message : see declaration of 'std::basic_string<char,std::char_traits<char>,std::allocator<char>>'
D:\DevProjects\PiRadioApp-vs\PiRadioApp\dependencies\webtoolkit\include\Wt\WLink.h(175,39): warning C4251: 'Wt::WLink::resource_': class 'std::shared_ptr<Wt::WResource>' needs to have dll-interface to be used by clients of class 'Wt::WLink'
D:\DevProjects\PiRadioApp-vs\PiRadioApp\dependencies\webtoolkit\include\Wt\WLink.h(75): message : see declaration of 'std::shared_ptr<Wt::WResource>'
D:\DevProjects\PiRadioApp-vs\PiRadioApp\dependencies\webtoolkit\include\Wt\WCssDecorationStyle.h(213,41): warning C4251: 'Wt::WCssDecorationStyle::cursorImage_': class 'std::basic_string<char,std::char_traits<char>,std::allocator<char>>' needs to have dll-interface to be used by clients of class 'Wt::WCssDecorationStyle'
D:\Microsoft\VisualStudioCommunity\VC\Tools\MSVC\14.26.28801\include\xstring(4575): message : see declaration of 'std::basic_string<char,std::char_traits<char>,std::allocator<char>>'
D:\DevProjects\PiRadioApp-vs\PiRadioApp\dependencies\webtoolkit\include\Wt\WCssDecorationStyle.h(214,39): warning C4251: 'Wt::WCssDecorationStyle::border_': class 'std::unique_ptr<Wt::WBorder,std::default_delete<Wt::WBorder>>' needs to have dll-interface to be used by clients of class 'Wt::WCssDecorationStyle'
D:\DevProjects\PiRadioApp-vs\PiRadioApp\dependencies\webtoolkit\include\Wt\WCssDecorationStyle.h(214): message : see declaration of 'std::unique_ptr<Wt::WBorder,std::default_delete<Wt::WBorder>>'
D:\DevProjects\PiRadioApp-vs\PiRadioApp\dependencies\webtoolkit\include\Wt\WCssDecorationStyle.h(218,51): warning C4251: 'Wt::WCssDecorationStyle::backgroundImageRepeat_': class 'Wt::WFlags<Wt::Orientation>' needs to have dll-interface to be used by clients of class 'Wt::WCssDecorationStyle'
D:\DevProjects\PiRadioApp-vs\PiRadioApp\dependencies\webtoolkit\include\Wt\WGlobal.h(341): message : see declaration of 'Wt::WFlags<Wt::Orientation>'
D:\DevProjects\PiRadioApp-vs\PiRadioApp\dependencies\webtoolkit\include\Wt\WCssDecorationStyle.h(219,53): warning C4251: 'Wt::WCssDecorationStyle::backgroundImageLocation_': class 'Wt::WFlags<Wt::Side>' needs to have dll-interface to be used by clients of class 'Wt::WCssDecorationStyle'
D:\DevProjects\PiRadioApp-vs\PiRadioApp\dependencies\webtoolkit\include\Wt\WGlobal.h(431): message : see declaration of 'Wt::WFlags<Wt::Side>'
D:\DevProjects\PiRadioApp-vs\PiRadioApp\dependencies\webtoolkit\include\Wt\WCssDecorationStyle.h(221,44): warning C4251: 'Wt::WCssDecorationStyle::textDecoration_': class 'Wt::WFlags<Wt::TextDecoration>' needs to have dll-interface to be used by clients of class 'Wt::WCssDecorationStyle'
D:\DevProjects\PiRadioApp-vs\PiRadioApp\dependencies\webtoolkit\include\Wt\WCssDecorationStyle.h(199): message : see declaration of 'Wt::WFlags<Wt::TextDecoration>'
D:\DevProjects\PiRadioApp-vs\PiRadioApp\dependencies\webtoolkit\include\Wt\WCssStyleSheet.h(78,24): warning C4251: 'Wt::WCssRule::selector_': class 'std::basic_string<char,std::char_traits<char>,std::allocator<char>>' needs to have dll-interface to be used by clients of class 'Wt::WCssRule'
D:\Microsoft\VisualStudioCommunity\VC\Tools\MSVC\14.26.28801\include\xstring(4575): message : see declaration of 'std::basic_string<char,std::char_traits<char>,std::allocator<char>>'
D:\DevProjects\PiRadioApp-vs\PiRadioApp\dependencies\webtoolkit\include\Wt\WCssStyleSheet.h(145,46): warning C4251: 'Wt::WCssTemplateRule::widget_': class 'std::unique_ptr<Wt::WCssTemplateWidget,std::default_delete<Wt::WCssTemplateWidget>>' needs to have dll-interface to be used by clients of class 'Wt::WCssTemplateRule'
D:\DevProjects\PiRadioApp-vs\PiRadioApp\dependencies\webtoolkit\include\Wt\WCssStyleSheet.h(145): message : see declaration of 'std::unique_ptr<Wt::WCssTemplateWidget,std::default_delete<Wt::WCssTemplateWidget>>'
D:\DevProjects\PiRadioApp-vs\PiRadioApp\dependencies\webtoolkit\include\Wt\WCssStyleSheet.h(292,18): warning C4251: 'Wt::WCssStyleSheet::rules_': class 'std::vector<std::unique_ptr<Wt::WCssRule,std::default_delete<Wt::WCssRule>>,std::allocator<std::unique_ptr<Wt::WCssRule,std::default_delete<Wt::WCssRule>>>>' needs to have dll-interface to be used by clients of class 'Wt::WCssStyleSheet'
D:\DevProjects\PiRadioApp-vs\PiRadioApp\dependencies\webtoolkit\include\Wt\WCssStyleSheet.h(289): message : see declaration of 'std::vector<std::unique_ptr<Wt::WCssRule,std::default_delete<Wt::WCssRule>>,std::allocator<std::unique_ptr<Wt::WCssRule,std::default_delete<Wt::WCssRule>>>>'
D:\DevProjects\PiRadioApp-vs\PiRadioApp\dependencies\webtoolkit\include\Wt\WCssStyleSheet.h(293,38): warning C4251: 'Wt::WCssStyleSheet::rulesAdded_': class 'std::vector<Wt::WCssRule *,std::allocator<Wt::WCssRule *>>' needs to have dll-interface to be used by clients of class 'Wt::WCssStyleSheet'
D:\DevProjects\PiRadioApp-vs\PiRadioApp\dependencies\webtoolkit\include\Wt\WCssStyleSheet.h(293): message : see declaration of 'std::vector<Wt::WCssRule *,std::allocator<Wt::WCssRule *>>'
D:\DevProjects\PiRadioApp-vs\PiRadioApp\dependencies\webtoolkit\include\Wt\WCssStyleSheet.h(295,25): warning C4251: 'Wt::WCssStyleSheet::rulesModified_': class 'std::set<Wt::WCssRule *,std::less<Wt::WCssRule *>,std::allocator<Wt::WCssRule *>>' needs to have dll-interface to be used by clients of class 'Wt::WCssStyleSheet'
D:\DevProjects\PiRadioApp-vs\PiRadioApp\dependencies\webtoolkit\include\Wt\WCssStyleSheet.h(290): message : see declaration of 'std::set<Wt::WCssRule *,std::less<Wt::WCssRule *>,std::allocator<Wt::WCssRule *>>'
D:\DevProjects\PiRadioApp-vs\PiRadioApp\dependencies\webtoolkit\include\Wt\WCssStyleSheet.h(296,41): warning C4251: 'Wt::WCssStyleSheet::rulesRemoved_': class 'std::vector<std::string,std::allocator<std::string>>' needs to have dll-interface to be used by clients of class 'Wt::WCssStyleSheet'
D:\DevProjects\PiRadioApp-vs\PiRadioApp\dependencies\webtoolkit\include\Wt\Http\Request.h(98): message : see declaration of 'std::vector<std::string,std::allocator<std::string>>'
D:\DevProjects\PiRadioApp-vs\PiRadioApp\dependencies\webtoolkit\include\Wt\WCssStyleSheet.h(298,33): warning C4251: 'Wt::WCssStyleSheet::defined_': class 'std::set<std::string,std::less<std::string>,std::allocator<std::string>>' needs to have dll-interface to be used by clients of class 'Wt::WCssStyleSheet'
D:\DevProjects\PiRadioApp-vs\PiRadioApp\dependencies\webtoolkit\include\Wt\WCssStyleSheet.h(298): message : see declaration of 'std::set<std::string,std::less<std::string>,std::allocator<std::string>>'
D:\DevProjects\PiRadioApp-vs\PiRadioApp\dependencies\webtoolkit\include\Wt\WLocale.h(244,20): warning C4251: 'Wt::WLocale::name_': class 'std::basic_string<char,std::char_traits<char>,std::allocator<char>>' needs to have dll-interface to be used by clients of class 'Wt::WLocale'
D:\Microsoft\VisualStudioCommunity\VC\Tools\MSVC\14.26.28801\include\xstring(4575): message : see declaration of 'std::basic_string<char,std::char_traits<char>,std::allocator<char>>'
D:\DevProjects\PiRadioApp-vs\PiRadioApp\dependencies\webtoolkit\include\Wt\WLocale.h(245,25): warning C4251: 'Wt::WLocale::decimalPoint_': class 'std::basic_string<char,std::char_traits<char>,std::allocator<char>>' needs to have dll-interface to be used by clients of class 'Wt::WLocale'
D:\Microsoft\VisualStudioCommunity\VC\Tools\MSVC\14.26.28801\include\xstring(4575): message : see declaration of 'std::basic_string<char,std::char_traits<char>,std::allocator<char>>'
D:\DevProjects\PiRadioApp-vs\PiRadioApp\dependencies\webtoolkit\include\Wt\WLocale.h(245,42): warning C4251: 'Wt::WLocale::groupSeparator_': class 'std::basic_string<char,std::char_traits<char>,std::allocator<char>>' needs to have dll-interface to be used by clients of class 'Wt::WLocale'
D:\Microsoft\VisualStudioCommunity\VC\Tools\MSVC\14.26.28801\include\xstring(4575): message : see declaration of 'std::basic_string<char,std::char_traits<char>,std::allocator<char>>'
D:\DevProjects\PiRadioApp-vs\PiRadioApp\dependencies\webtoolkit\include\Wt\WMessageResourceBundle.h(165,69): warning C4251: 'Wt::WMessageResourceBundle::messageResources_': class 'std::vector<std::unique_ptr<Wt::WMessageResources,std::default_delete<Wt::WMessageResources>>,std::allocator<std::unique_ptr<Wt::WMessageResources,std::default_delete<Wt::WMessageResources>>>>' needs to have dll-interface to be used by clients of class 'Wt::WMessageResourceBundle'
D:\DevProjects\PiRadioApp-vs\PiRadioApp\dependencies\webtoolkit\include\Wt\WMessageResourceBundle.h(165): message : see declaration of 'std::vector<std::unique_ptr<Wt::WMessageResources,std::default_delete<Wt::WMessageResources>>,std::allocator<std::unique_ptr<Wt::WMessageResources,std::default_delete<Wt::WMessageResources>>>>'
D:\DevProjects\PiRadioApp-vs\PiRadioApp\dependencies\webtoolkit\include\Wt\WApplication.h(1346,50): warning C4251: 'Wt::WApplication::UpdateLock::impl_': class 'std::unique_ptr<Wt::UpdateLockImpl,std::default_delete<Wt::UpdateLockImpl>>' needs to have dll-interface to be used by clients of class 'Wt::WApplication::UpdateLock'
D:\DevProjects\PiRadioApp-vs\PiRadioApp\dependencies\webtoolkit\include\Wt\WApplication.h(1346): message : see declaration of 'std::unique_ptr<Wt::UpdateLockImpl,std::default_delete<Wt::UpdateLockImpl>>'
D:\DevProjects\PiRadioApp-vs\PiRadioApp\dependencies\webtoolkit\include\Wt\WApplication.h(2205,39): warning C4251: 'Wt::WApplication::requestTooLarge_': class 'Wt::Signal<int64_t>' needs to have dll-interface to be used by clients of class 'Wt::WApplication'
D:\DevProjects\PiRadioApp-vs\PiRadioApp\dependencies\webtoolkit\include\Wt\WApplication.h(1854): message : see declaration of 'Wt::Signal<int64_t>'
D:\DevProjects\PiRadioApp-vs\PiRadioApp\dependencies\webtoolkit\include\Wt\WApplication.h(2247,41): warning C4251: 'Wt::WApplication::weakSession_': class 'std::weak_ptr<Wt::WebSession>' needs to have dll-interface to be used by clients of class 'Wt::WApplication'
D:\DevProjects\PiRadioApp-vs\PiRadioApp\dependencies\webtoolkit\include\Wt\WApplication.h(2247): message : see declaration of 'std::weak_ptr<Wt::WebSession>'
D:\DevProjects\PiRadioApp-vs\PiRadioApp\dependencies\webtoolkit\include\Wt\WApplication.h(2251,45): warning C4251: 'Wt::WApplication::domRoot_': class 'std::unique_ptr<Wt::WContainerWidget,std::default_delete<Wt::WContainerWidget>>' needs to have dll-interface to be used by clients of class 'Wt::WApplication'
D:\DevProjects\PiRadioApp-vs\PiRadioApp\dependencies\webtoolkit\include\Wt\WApplication.h(2251): message : see declaration of 'std::unique_ptr<Wt::WContainerWidget,std::default_delete<Wt::WContainerWidget>>'
D:\DevProjects\PiRadioApp-vs\PiRadioApp\dependencies\webtoolkit\include\Wt\WApplication.h(2254,46): warning C4251: 'Wt::WApplication::domRoot2_': class 'std::unique_ptr<Wt::WContainerWidget,std::default_delete<Wt::WContainerWidget>>' needs to have dll-interface to be used by clients of class 'Wt::WApplication'
D:\DevProjects\PiRadioApp-vs\PiRadioApp\dependencies\webtoolkit\include\Wt\WApplication.h(2251): message : see declaration of 'std::unique_ptr<Wt::WContainerWidget,std::default_delete<Wt::WContainerWidget>>'
D:\DevProjects\PiRadioApp-vs\PiRadioApp\dependencies\webtoolkit\include\Wt\WApplication.h(2256,63): warning C4251: 'Wt::WApplication::localizedStrings_': class 'std::unique_ptr<Wt::WCombinedLocalizedStrings,std::default_delete<Wt::WCombinedLocalizedStrings>>' needs to have dll-interface to be used by clients of class 'Wt::WApplication'
D:\DevProjects\PiRadioApp-vs\PiRadioApp\dependencies\webtoolkit\include\Wt\WApplication.h(2256): message : see declaration of 'std::unique_ptr<Wt::WCombinedLocalizedStrings,std::default_delete<Wt::WCombinedLocalizedStrings>>'
D:\DevProjects\PiRadioApp-vs\PiRadioApp\dependencies\webtoolkit\include\Wt\WApplication.h(2258,36): warning C4251: 'Wt::WApplication::renderedInternalPath_': class 'std::basic_string<char,std::char_traits<char>,std::allocator<char>>' needs to have dll-interface to be used by clients of class 'Wt::WApplication'
D:\Microsoft\VisualStudioCommunity\VC\Tools\MSVC\14.26.28801\include\xstring(4575): message : see declaration of 'std::basic_string<char,std::char_traits<char>,std::allocator<char>>'
D:\DevProjects\PiRadioApp-vs\PiRadioApp\dependencies\webtoolkit\include\Wt\WApplication.h(2258,54): warning C4251: 'Wt::WApplication::newInternalPath_': class 'std::basic_string<char,std::char_traits<char>,std::allocator<char>>' needs to have dll-interface to be used by clients of class 'Wt::WApplication'
D:\Microsoft\VisualStudioCommunity\VC\Tools\MSVC\14.26.28801\include\xstring(4575): message : see declaration of 'std::basic_string<char,std::char_traits<char>,std::allocator<char>>'
D:\DevProjects\PiRadioApp-vs\PiRadioApp\dependencies\webtoolkit\include\Wt\WApplication.h(2259,43): warning C4251: 'Wt::WApplication::internalPathChanged_': class 'Wt::Signal<std::string>' needs to have dll-interface to be used by clients of class 'Wt::WApplication'
D:\DevProjects\PiRadioApp-vs\PiRadioApp\dependencies\webtoolkit\include\Wt\WApplication.h(972): message : see declaration of 'Wt::Signal<std::string>'
D:\DevProjects\PiRadioApp-vs\PiRadioApp\dependencies\webtoolkit\include\Wt\WApplication.h(2259,65): warning C4251: 'Wt::WApplication::internalPathInvalid_': class 'Wt::Signal<std::string>' needs to have dll-interface to be used by clients of class 'Wt::WApplication'
D:\DevProjects\PiRadioApp-vs\PiRadioApp\dependencies\webtoolkit\include\Wt\WApplication.h(972): message : see declaration of 'Wt::Signal<std::string>'
D:\DevProjects\PiRadioApp-vs\PiRadioApp\dependencies\webtoolkit\include\Wt\WApplication.h(2266,31): warning C4251: 'Wt::WApplication::javaScriptClass_': class 'std::basic_string<char,std::char_traits<char>,std::allocator<char>>' needs to have dll-interface to be used by clients of class 'Wt::WApplication'
D:\Microsoft\VisualStudioCommunity\VC\Tools\MSVC\14.26.28801\include\xstring(4575): message : see declaration of 'std::basic_string<char,std::char_traits<char>,std::allocator<char>>'
D:\DevProjects\PiRadioApp-vs\PiRadioApp\dependencies\webtoolkit\include\Wt\WApplication.h(2269,43): warning C4251: 'Wt::WApplication::onePixelGifR_': class 'std::unique_ptr<Wt::WResource,std::default_delete<Wt::WResource>>' needs to have dll-interface to be used by clients of class 'Wt::WApplication'
D:\DevProjects\PiRadioApp-vs\PiRadioApp\dependencies\webtoolkit\include\Wt\WApplication.h(2269): message : see declaration of 'std::unique_ptr<Wt::WResource,std::default_delete<Wt::WResource>>'
D:\DevProjects\PiRadioApp-vs\PiRadioApp\dependencies\webtoolkit\include\Wt\WApplication.h(2273,25): warning C4251: 'Wt::WApplication::htmlClass_': class 'std::basic_string<char,std::char_traits<char>,std::allocator<char>>' needs to have dll-interface to be used by clients of class 'Wt::WApplication'
D:\Microsoft\VisualStudioCommunity\VC\Tools\MSVC\14.26.28801\include\xstring(4575): message : see declaration of 'std::basic_string<char,std::char_traits<char>,std::allocator<char>>'
D:\DevProjects\PiRadioApp-vs\PiRadioApp\dependencies\webtoolkit\include\Wt\WApplication.h(2273,37): warning C4251: 'Wt::WApplication::bodyClass_': class 'std::basic_string<char,std::char_traits<char>,std::allocator<char>>' needs to have dll-interface to be used by clients of class 'Wt::WApplication'
D:\Microsoft\VisualStudioCommunity\VC\Tools\MSVC\14.26.28801\include\xstring(4575): message : see declaration of 'std::basic_string<char,std::char_traits<char>,std::allocator<char>>'
D:\DevProjects\PiRadioApp-vs\PiRadioApp\dependencies\webtoolkit\include\Wt\WApplication.h(2278,23): warning C4251: 'Wt::WApplication::focusId_': class 'std::basic_string<char,std::char_traits<char>,std::allocator<char>>' needs to have dll-interface to be used by clients of class 'Wt::WApplication'
D:\Microsoft\VisualStudioCommunity\VC\Tools\MSVC\14.26.28801\include\xstring(4575): message : see declaration of 'std::basic_string<char,std::char_traits<char>,std::allocator<char>>'
D:\DevProjects\PiRadioApp-vs\PiRadioApp\dependencies\webtoolkit\include\Wt\WApplication.h(2282,46): warning C4251: 'Wt::WApplication::scriptLibraries_': class 'std::vector<Wt::WApplication::ScriptLibrary,std::allocator<Wt::WApplication::ScriptLibrary>>' needs to have dll-interface to be used by clients of class 'Wt::WApplication'
D:\DevProjects\PiRadioApp-vs\PiRadioApp\dependencies\webtoolkit\include\Wt\WApplication.h(2282): message : see declaration of 'std::vector<Wt::WApplication::ScriptLibrary,std::allocator<Wt::WApplication::ScriptLibrary>>'
D:\DevProjects\PiRadioApp-vs\PiRadioApp\dependencies\webtoolkit\include\Wt\WApplication.h(2285,33): warning C4251: 'Wt::WApplication::theme_': class 'std::shared_ptr<Wt::WTheme>' needs to have dll-interface to be used by clients of class 'Wt::WApplication'
D:\DevProjects\PiRadioApp-vs\PiRadioApp\dependencies\webtoolkit\include\Wt\WApplication.h(382): message : see declaration of 'std::shared_ptr<Wt::WTheme>'
D:\DevProjects\PiRadioApp-vs\PiRadioApp\dependencies\webtoolkit\include\Wt\WApplication.h(2286,49): warning C4251: 'Wt::WApplication::styleSheets_': class 'std::vector<Wt::WLinkedCssStyleSheet,std::allocator<Wt::WLinkedCssStyleSheet>>' needs to have dll-interface to be used by clients of class 'Wt::WApplication'
D:\DevProjects\PiRadioApp-vs\PiRadioApp\dependencies\webtoolkit\include\Wt\WApplication.h(2286): message : see declaration of 'std::vector<Wt::WLinkedCssStyleSheet,std::allocator<Wt::WLinkedCssStyleSheet>>'
D:\DevProjects\PiRadioApp-vs\PiRadioApp\dependencies\webtoolkit\include\Wt\WApplication.h(2287,57): warning C4251: 'Wt::WApplication::styleSheetsToRemove_': class 'std::vector<Wt::WLinkedCssStyleSheet,std::allocator<Wt::WLinkedCssStyleSheet>>' needs to have dll-interface to be used by clients of class 'Wt::WApplication'
D:\DevProjects\PiRadioApp-vs\PiRadioApp\dependencies\webtoolkit\include\Wt\WApplication.h(2286): message : see declaration of 'std::vector<Wt::WLinkedCssStyleSheet,std::allocator<Wt::WLinkedCssStyleSheet>>'
D:\DevProjects\PiRadioApp-vs\PiRadioApp\dependencies\webtoolkit\include\Wt\WApplication.h(2291,39): warning C4251: 'Wt::WApplication::metaHeaders_': class 'std::vector<Wt::MetaHeader,std::allocator<Wt::MetaHeader>>' needs to have dll-interface to be used by clients of class 'Wt::WApplication'
D:\DevProjects\PiRadioApp-vs\PiRadioApp\dependencies\webtoolkit\include\Wt\WApplication.h(2291): message : see declaration of 'std::vector<Wt::MetaHeader,std::allocator<Wt::MetaHeader>>'
D:\DevProjects\PiRadioApp-vs\PiRadioApp\dependencies\webtoolkit\include\Wt\WApplication.h(2292,35): warning C4251: 'Wt::WApplication::metaLinks_': class 'std::vector<Wt::WApplication::MetaLink,std::allocator<Wt::WApplication::MetaLink>>' needs to have dll-interface to be used by clients of class 'Wt::WApplication'
D:\DevProjects\PiRadioApp-vs\PiRadioApp\dependencies\webtoolkit\include\Wt\WApplication.h(2292): message : see declaration of 'std::vector<Wt::WApplication::MetaLink,std::allocator<Wt::WApplication::MetaLink>>'
D:\DevProjects\PiRadioApp-vs\PiRadioApp\dependencies\webtoolkit\include\Wt\WApplication.h(2294,28): warning C4251: 'Wt::WApplication::exposedSignals_': class 'std::map<std::string,Wt::EventSignalBase *,std::less<std::string>,std::allocator<std::pair<const std::string,Wt::EventSignalBase *>>>' needs to have dll-interface to be used by clients of class 'Wt::WApplication'
D:\DevProjects\PiRadioApp-vs\PiRadioApp\dependencies\webtoolkit\include\Wt\WApplication.h(2234): message : see declaration of 'std::map<std::string,Wt::EventSignalBase *,std::less<std::string>,std::allocator<std::pair<const std::string,Wt::EventSignalBase *>>>'
D:\DevProjects\PiRadioApp-vs\PiRadioApp\dependencies\webtoolkit\include\Wt\WApplication.h(2295,32): warning C4251: 'Wt::WApplication::exposedResources_': class 'std::map<std::string,Wt::WResource *,std::less<std::string>,std::allocator<std::pair<const std::string,Wt::WResource *>>>' needs to have dll-interface to be used by clients of class 'Wt::WApplication'
D:\DevProjects\PiRadioApp-vs\PiRadioApp\dependencies\webtoolkit\include\Wt\WApplication.h(2235): message : see declaration of 'std::map<std::string,Wt::WResource *,std::less<std::string>,std::allocator<std::pair<const std::string,Wt::WResource *>>>'
D:\DevProjects\PiRadioApp-vs\PiRadioApp\dependencies\webtoolkit\include\Wt\WApplication.h(2296,28): warning C4251: 'Wt::WApplication::encodedObjects_': class 'std::map<std::string,Wt::WObject *,std::less<std::string>,std::allocator<std::pair<const std::string,Wt::WObject *>>>' needs to have dll-interface to be used by clients of class 'Wt::WApplication'
D:\DevProjects\PiRadioApp-vs\PiRadioApp\dependencies\webtoolkit\include\Wt\WWebWidget.h(303): message : see declaration of 'std::map<std::string,Wt::WObject *,std::less<std::string>,std::allocator<std::pair<const std::string,Wt::WObject *>>>'
D:\DevProjects\PiRadioApp-vs\PiRadioApp\dependencies\webtoolkit\include\Wt\WApplication.h(2298,44): warning C4251: 'Wt::WApplication::justRemovedSignals_': class 'std::set<std::string,std::less<std::string>,std::allocator<std::string>>' needs to have dll-interface to be used by clients of class 'Wt::WApplication'
D:\DevProjects\PiRadioApp-vs\PiRadioApp\dependencies\webtoolkit\include\Wt\WCssStyleSheet.h(298): message : see declaration of 'std::set<std::string,std::less<std::string>,std::allocator<std::string>>'
D:\DevProjects\PiRadioApp-vs\PiRadioApp\dependencies\webtoolkit\include\Wt\WApplication.h(2302,35): warning C4251: 'Wt::WApplication::afterLoadJavaScript_': class 'std::basic_string<char,std::char_traits<char>,std::allocator<char>>' needs to have dll-interface to be used by clients of class 'Wt::WApplication'
D:\Microsoft\VisualStudioCommunity\VC\Tools\MSVC\14.26.28801\include\xstring(4575): message : see declaration of 'std::basic_string<char,std::char_traits<char>,std::allocator<char>>'
D:\DevProjects\PiRadioApp-vs\PiRadioApp\dependencies\webtoolkit\include\Wt\WApplication.h(2302,58): warning C4251: 'Wt::WApplication::beforeLoadJavaScript_': class 'std::basic_string<char,std::char_traits<char>,std::allocator<char>>' needs to have dll-interface to be used by clients of class 'Wt::WApplication'
D:\Microsoft\VisualStudioCommunity\VC\Tools\MSVC\14.26.28801\include\xstring(4575): message : see declaration of 'std::basic_string<char,std::char_traits<char>,std::allocator<char>>'
D:\DevProjects\PiRadioApp-vs\PiRadioApp\dependencies\webtoolkit\include\Wt\WApplication.h(2304,30): warning C4251: 'Wt::WApplication::autoJavaScript_': class 'std::basic_string<char,std::char_traits<char>,std::allocator<char>>' needs to have dll-interface to be used by clients of class 'Wt::WApplication'
D:\Microsoft\VisualStudioCommunity\VC\Tools\MSVC\14.26.28801\include\xstring(4575): message : see declaration of 'std::basic_string<char,std::char_traits<char>,std::allocator<char>>'
D:\DevProjects\PiRadioApp-vs\PiRadioApp\dependencies\webtoolkit\include\Wt\WApplication.h(2308,55): warning C4251: 'Wt::WApplication::javaScriptPreamble_': class 'std::vector<Wt::WJavaScriptPreamble,std::allocator<Wt::WJavaScriptPreamble>>' needs to have dll-interface to be used by clients of class 'Wt::WApplication'
D:\DevProjects\PiRadioApp-vs\PiRadioApp\dependencies\webtoolkit\include\Wt\WApplication.h(2308): message : see declaration of 'std::vector<Wt::WJavaScriptPreamble,std::allocator<Wt::WJavaScriptPreamble>>'
D:\DevProjects\PiRadioApp-vs\PiRadioApp\dependencies\webtoolkit\include\Wt\WApplication.h(2313,43): warning C4251: 'Wt::WApplication::javaScriptLoaded_': class 'std::set<const char *,std::less<const char *>,std::allocator<const char *>>' needs to have dll-interface to be used by clients of class 'Wt::WApplication'
D:\DevProjects\PiRadioApp-vs\PiRadioApp\dependencies\webtoolkit\include\Wt\WApplication.h(2313): message : see declaration of 'std::set<const char *,std::less<const char *>,std::allocator<const char *>>'
D:\DevProjects\PiRadioApp-vs\PiRadioApp\dependencies\webtoolkit\include\Wt\WApplication.h(2316,38): warning C4251: 'Wt::WApplication::showLoadingIndicator_': class 'Wt::EventSignal<Wt::NoClass>' needs to have dll-interface to be used by clients of class 'Wt::WApplication'
D:\DevProjects\PiRadioApp-vs\PiRadioApp\dependencies\webtoolkit\include\Wt\WWebWidget.h(275): message : see declaration of 'Wt::EventSignal<Wt::NoClass>'
D:\DevProjects\PiRadioApp-vs\PiRadioApp\dependencies\webtoolkit\include\Wt\WApplication.h(2316,61): warning C4251: 'Wt::WApplication::hideLoadingIndicator_': class 'Wt::EventSignal<Wt::NoClass>' needs to have dll-interface to be used by clients of class 'Wt::WApplication'
D:\DevProjects\PiRadioApp-vs\PiRadioApp\dependencies\webtoolkit\include\Wt\WWebWidget.h(275): message : see declaration of 'Wt::EventSignal<Wt::NoClass>'
D:\DevProjects\PiRadioApp-vs\PiRadioApp\dependencies\webtoolkit\include\Wt\WApplication.h(2317,22): warning C4251: 'Wt::WApplication::unloaded_': class 'Wt::JSignal<>' needs to have dll-interface to be used by clients of class 'Wt::WApplication'
D:\DevProjects\PiRadioApp-vs\PiRadioApp\dependencies\webtoolkit\include\Wt\WWebWidget.h(469): message : see declaration of 'Wt::JSignal<>'
D:\DevProjects\PiRadioApp-vs\PiRadioApp\dependencies\webtoolkit\include\Wt\WApplication.h(2318,25): warning C4251: 'Wt::WApplication::idleTimeout_': class 'Wt::JSignal<>' needs to have dll-interface to be used by clients of class 'Wt::WApplication'
D:\DevProjects\PiRadioApp-vs\PiRadioApp\dependencies\webtoolkit\include\Wt\WWebWidget.h(469): message : see declaration of 'Wt::JSignal<>'
  PiRadioApp.vcxproj -> D:\DevProjects\PiRadioApp-vs\PiRadioApp\x64\Debug\PiRadioApp.exe
